<?xml version="1.0" encoding="UTF-8"?>
<testsuite xmlns:xsi="http://www.w3.org/2001/XMLSchema-instance" xsi:noNamespaceSchemaLocation="https://maven.apache.org/surefire/maven-surefire-plugin/xsd/surefire-test-report.xsd" version="3.0.2" name="com.interview.runners.TestRunner" time="12.882" tests="3" errors="0" skipped="0" failures="0">
  <properties>
[...]
</properties>
  <testcase name="Verify user can reach careers portal" classname="Apply for Role" time="2.53">
    <system-out><![CDATA[
@GoToPortal
Scenario: Verify user can reach careers portal          # src/test/resources/features/ApplyForRole.feature:9
  Given the user is on the Careers page                 # com.interview.stepdefinitions.ApplyForRoleSteps.the_user_is_on_the_careers_page()
  When the user clicks the explore opportunities button # com.interview.stepdefinitions.ApplyForRoleSteps.the_user_clicks_on_explore_opportunities_button()
  Then the user is taken to the careers portal          # com.interview.stepdefinitions.ApplyForRoleSteps.the_user_is_sent_to_the_workday_careers_portal()
]]></system-out>
    <system-err><![CDATA[Jul 05, 2026 9:34:37 PM org.openqa.selenium.devtools.CdpVersionFinder findNearestMatch
WARNING: Unable to find CDP implementation matching 150
Jul 05, 2026 9:34:37 PM org.openqa.selenium.chromium.ChromiumDriver lambda$new$5
WARNING: Unable to find version of CDP to use for 150.0.7871.46. You may need to include a dependency on a specific version of the CDP using something similar to `org.seleniumhq.selenium:selenium-devtools-v86:4.21.0` where the version ("v86") matches the version of the chromium-based browser you're using and the version number of the artifact is the same as Selenium's.
]]></system-err>
  </testcase>
  <testcase name="Verify user can search for a role" classname="Apply for Role" time="4.639">
    <system-out><![CDATA[
@SearchRole
Scenario: Verify user can search for a role                             # src/test/resources/features/ApplyForRole.feature:15
  Given the user is on the Careers Portal                               # com.interview.stepdefinitions.ApplyForRoleSteps.the_user_is_on_the_careers_portal()
  When the user enters the role of Test Manager in the job search field # com.interview.stepdefinitions.ApplyForRoleSteps.the_user_enters_search_term()
  And the user has selected United Kingdom from the location dropdown   # com.interview.stepdefinitions.ApplyForRoleSteps.the_user_selects_location()
  Then the user should be able to click on the Test Manager role        # com.interview.stepdefinitions.ApplyForRoleSteps.the_user_can_click_test_manager_role()
]]></system-out>
    <system-err><![CDATA[Jul 05, 2026 9:34:39 PM org.openqa.selenium.devtools.CdpVersionFinder findNearestMatch
WARNING: Unable to find CDP implementation matching 150
Jul 05, 2026 9:34:39 PM org.openqa.selenium.chromium.ChromiumDriver lambda$new$5
WARNING: Unable to find version of CDP to use for 150.0.7871.46. You may need to include a dependency on a specific version of the CDP using something similar to `org.seleniumhq.selenium:selenium-devtools-v86:4.21.0` where the version ("v86") matches the version of the chromium-based browser you're using and the version number of the artifact is the same as Selenium's.
]]></system-err>
  </testcase>
  <testcase name="Verify user can apply for a role" classname="Apply for Role" time="5.436">
    <system-out><![CDATA[
@ApplyRole
Scenario: Verify user can apply for a role                 # src/test/resources/features/ApplyForRole.feature:22
  Given the user has searched for the role of Test Manager # com.interview.stepdefinitions.ApplyForRoleSteps.the_user_has_searched_for_Test_Manager()
  When the user selects the role                           # com.interview.stepdefinitions.ApplyForRoleSteps.the_user_has_selected_role()
  And the user clicks Apply on the right hand pane         # com.interview.stepdefinitions.ApplyForRoleSteps.the_user_has_clicked_apply()
  Then the user should see a Start your Application popup  # com.interview.stepdefinitions.ApplyForRoleSteps.the_user_can_see_start_application_popup()
]]></system-out>
    <system-err><![CDATA[Jul 05, 2026 9:34:44 PM org.openqa.selenium.devtools.CdpVersionFinder findNearestMatch
WARNING: Unable to find CDP implementation matching 150
Jul 05, 2026 9:34:44 PM org.openqa.selenium.chromium.ChromiumDriver lambda$new$5
WARNING: Unable to find version of CDP to use for 150.0.7871.46. You may need to include a dependency on a specific version of the CDP using something similar to `org.seleniumhq.selenium:selenium-devtools-v86:4.21.0` where the version ("v86") matches the version of the chromium-based browser you're using and the version number of the artifact is the same as Selenium's.
]]></system-err>
  </testcase>
</testsuite>